<?xml version="1.0" encoding="UTF-8"?>
<testsuite xmlns:xsi="http://www.w3.org/2001/XMLSchema-instance" xsi:noNamespaceSchemaLocation="https://maven.apache.org/surefire/maven-surefire-plugin/xsd/surefire-test-report.xsd" name="TestSuite" time="30.709" tests="4" errors="0" skipped="0" failures="0">
  <properties>
    <property name="sun.desktop" value="windows"/>
    <property name="awt.toolkit" value="sun.awt.windows.WToolkit"/>
    <property name="file.encoding.pkg" value="sun.io"/>
    <property name="java.specification.version" value="1.8"/>
    <property name="sun.cpu.isalist" value="amd64"/>
    <property name="sun.jnu.encoding" value="GBK"/>
    <property name="java.class.path" value="F:\code\auto_test_framework\target\test-classes;F:\code\auto_test_framework\target\classes;F:\Java\apache-maven-3.6.1\repo\io\appium\java-client\7.0.0\java-client-7.0.0.jar;F:\Java\apache-maven-3.6.1\repo\org\seleniumhq\selenium\selenium-java\3.141.59\selenium-java-3.141.59.jar;F:\Java\apache-maven-3.6.1\repo\org\seleniumhq\selenium\selenium-chrome-driver\3.141.59\selenium-chrome-driver-3.141.59.jar;F:\Java\apache-maven-3.6.1\repo\org\seleniumhq\selenium\selenium-edge-driver\3.141.59\selenium-edge-driver-3.141.59.jar;F:\Java\apache-maven-3.6.1\repo\org\seleniumhq\selenium\selenium-firefox-driver\3.141.59\selenium-firefox-driver-3.141.59.jar;F:\Java\apache-maven-3.6.1\repo\org\seleniumhq\selenium\selenium-ie-driver\3.141.59\selenium-ie-driver-3.141.59.jar;F:\Java\apache-maven-3.6.1\repo\org\seleniumhq\selenium\selenium-opera-driver\3.141.59\selenium-opera-driver-3.141.59.jar;F:\Java\apache-maven-3.6.1\repo\org\seleniumhq\selenium\selenium-remote-driver\3.141.59\selenium-remote-driver-3.141.59.jar;F:\Java\apache-maven-3.6.1\repo\org\seleniumhq\selenium\selenium-safari-driver\3.141.59\selenium-safari-driver-3.141.59.jar;F:\Java\apache-maven-3.6.1\repo\net\bytebuddy\byte-buddy\1.8.15\byte-buddy-1.8.15.jar;F:\Java\apache-maven-3.6.1\repo\org\apache\commons\commons-exec\1.3\commons-exec-1.3.jar;F:\Java\apache-maven-3.6.1\repo\com\google\guava\guava\25.0-jre\guava-25.0-jre.jar;F:\Java\apache-maven-3.6.1\repo\com\google\code\findbugs\jsr305\1.3.9\jsr305-1.3.9.jar;F:\Java\apache-maven-3.6.1\repo\org\checkerframework\checker-compat-qual\2.0.0\checker-compat-qual-2.0.0.jar;F:\Java\apache-maven-3.6.1\repo\com\google\errorprone\error_prone_annotations\2.1.3\error_prone_annotations-2.1.3.jar;F:\Java\apache-maven-3.6.1\repo\com\google\j2objc\j2objc-annotations\1.1\j2objc-annotations-1.1.jar;F:\Java\apache-maven-3.6.1\repo\org\codehaus\mojo\animal-sniffer-annotations\1.14\animal-sniffer-annotations-1.14.jar;F:\Java\apache-maven-3.6.1\repo\com\squareup\okhttp3\okhttp\3.11.0\okhttp-3.11.0.jar;F:\Java\apache-maven-3.6.1\repo\com\squareup\okio\okio\1.14.0\okio-1.14.0.jar;F:\Java\apache-maven-3.6.1\repo\org\seleniumhq\selenium\selenium-support\3.141.59\selenium-support-3.141.59.jar;F:\Java\apache-maven-3.6.1\repo\org\seleniumhq\selenium\selenium-api\3.141.59\selenium-api-3.141.59.jar;F:\Java\apache-maven-3.6.1\repo\com\google\code\gson\gson\2.8.5\gson-2.8.5.jar;F:\Java\apache-maven-3.6.1\repo\org\apache\httpcomponents\httpclient\4.5.6\httpclient-4.5.6.jar;F:\Java\apache-maven-3.6.1\repo\org\apache\httpcomponents\httpcore\4.4.10\httpcore-4.4.10.jar;F:\Java\apache-maven-3.6.1\repo\commons-logging\commons-logging\1.2\commons-logging-1.2.jar;F:\Java\apache-maven-3.6.1\repo\commons-codec\commons-codec\1.10\commons-codec-1.10.jar;F:\Java\apache-maven-3.6.1\repo\cglib\cglib\3.2.8\cglib-3.2.8.jar;F:\Java\apache-maven-3.6.1\repo\org\ow2\asm\asm\6.2.1\asm-6.2.1.jar;F:\Java\apache-maven-3.6.1\repo\org\apache\ant\ant\1.10.3\ant-1.10.3.jar;F:\Java\apache-maven-3.6.1\repo\org\apache\ant\ant-launcher\1.10.3\ant-launcher-1.10.3.jar;F:\Java\apache-maven-3.6.1\repo\commons-validator\commons-validator\1.6\commons-validator-1.6.jar;F:\Java\apache-maven-3.6.1\repo\commons-beanutils\commons-beanutils\1.9.2\commons-beanutils-1.9.2.jar;F:\Java\apache-maven-3.6.1\repo\commons-digester\commons-digester\1.8.1\commons-digester-1.8.1.jar;F:\Java\apache-maven-3.6.1\repo\commons-collections\commons-collections\3.2.2\commons-collections-3.2.2.jar;F:\Java\apache-maven-3.6.1\repo\org\apache\commons\commons-lang3\3.8\commons-lang3-3.8.jar;F:\Java\apache-maven-3.6.1\repo\commons-io\commons-io\2.6\commons-io-2.6.jar;F:\Java\apache-maven-3.6.1\repo\org\springframework\spring-context\5.1.0.RELEASE\spring-context-5.1.0.RELEASE.jar;F:\Java\apache-maven-3.6.1\repo\org\springframework\spring-aop\5.1.0.RELEASE\spring-aop-5.1.0.RELEASE.jar;F:\Java\apache-maven-3.6.1\repo\org\springframework\spring-beans\5.1.0.RELEASE\spring-beans-5.1.0.RELEASE.jar;F:\Java\apache-maven-3.6.1\repo\org\springframework\spring-core\5.1.0.RELEASE\spring-core-5.1.0.RELEASE.jar;F:\Java\apache-maven-3.6.1\repo\org\springframework\spring-jcl\5.1.0.RELEASE\spring-jcl-5.1.0.RELEASE.jar;F:\Java\apache-maven-3.6.1\repo\org\springframework\spring-expression\5.1.0.RELEASE\spring-expression-5.1.0.RELEASE.jar;F:\Java\apache-maven-3.6.1\repo\org\aspectj\aspectjweaver\1.9.1\aspectjweaver-1.9.1.jar;F:\Java\apache-maven-3.6.1\repo\org\slf4j\slf4j-api\1.7.25\slf4j-api-1.7.25.jar;F:\Java\apache-maven-3.6.1\repo\org\testng\testng\7.0.0\testng-7.0.0.jar;F:\Java\apache-maven-3.6.1\repo\com\beust\jcommander\1.72\jcommander-1.72.jar;F:\Java\apache-maven-3.6.1\repo\log4j\log4j\1.2.17\log4j-1.2.17.jar;F:\Java\apache-maven-3.6.1\repo\io\qameta\allure\allure-testng\2.12.1\allure-testng-2.12.1.jar;F:\Java\apache-maven-3.6.1\repo\io\qameta\allure\allure-java-commons\2.12.1\allure-java-commons-2.12.1.jar;F:\Java\apache-maven-3.6.1\repo\io\qameta\allure\allure-model\2.12.1\allure-model-2.12.1.jar;F:\Java\apache-maven-3.6.1\repo\com\fasterxml\jackson\core\jackson-databind\2.9.8\jackson-databind-2.9.8.jar;F:\Java\apache-maven-3.6.1\repo\com\fasterxml\jackson\core\jackson-annotations\2.9.0\jackson-annotations-2.9.0.jar;F:\Java\apache-maven-3.6.1\repo\com\fasterxml\jackson\core\jackson-core\2.9.8\jackson-core-2.9.8.jar;F:\Java\apache-maven-3.6.1\repo\org\apache\tika\tika-core\1.20\tika-core-1.20.jar;F:\Java\apache-maven-3.6.1\repo\org\jooq\joor-java-8\0.9.10\joor-java-8-0.9.10.jar;"/>
    <property name="java.vm.vendor" value="Oracle Corporation"/>
    <property name="sun.arch.data.model" value="64"/>
    <property name="user.variant" value=""/>
    <property name="java.vendor.url" value="http://java.oracle.com/"/>
    <property name="user.timezone" value="Asia/Shanghai"/>
    <property name="java.vm.specification.version" value="1.8"/>
    <property name="os.name" value="Windows 10"/>
    <property name="user.country" value="CN"/>
    <property name="sun.java.launcher" value="SUN_STANDARD"/>
    <property name="sun.boot.library.path" value="F:\Java\jdk1.8.0_231\jre\bin"/>
    <property name="sun.java.command" value="C:\Users\LEKE\AppData\Local\Temp\surefire1658561112433223141\surefirebooter2366000125477682041.jar C:\Users\LEKE\AppData\Local\Temp\surefire1658561112433223141 2021-06-20T00-57-09_779-jvmRun1 surefire3275479824408407528tmp surefire_06043583164257708838tmp"/>
    <property name="surefire.test.class.path" value="F:\code\auto_test_framework\target\test-classes;F:\code\auto_test_framework\target\classes;F:\Java\apache-maven-3.6.1\repo\io\appium\java-client\7.0.0\java-client-7.0.0.jar;F:\Java\apache-maven-3.6.1\repo\org\seleniumhq\selenium\selenium-java\3.141.59\selenium-java-3.141.59.jar;F:\Java\apache-maven-3.6.1\repo\org\seleniumhq\selenium\selenium-chrome-driver\3.141.59\selenium-chrome-driver-3.141.59.jar;F:\Java\apache-maven-3.6.1\repo\org\seleniumhq\selenium\selenium-edge-driver\3.141.59\selenium-edge-driver-3.141.59.jar;F:\Java\apache-maven-3.6.1\repo\org\seleniumhq\selenium\selenium-firefox-driver\3.141.59\selenium-firefox-driver-3.141.59.jar;F:\Java\apache-maven-3.6.1\repo\org\seleniumhq\selenium\selenium-ie-driver\3.141.59\selenium-ie-driver-3.141.59.jar;F:\Java\apache-maven-3.6.1\repo\org\seleniumhq\selenium\selenium-opera-driver\3.141.59\selenium-opera-driver-3.141.59.jar;F:\Java\apache-maven-3.6.1\repo\org\seleniumhq\selenium\selenium-remote-driver\3.141.59\selenium-remote-driver-3.141.59.jar;F:\Java\apache-maven-3.6.1\repo\org\seleniumhq\selenium\selenium-safari-driver\3.141.59\selenium-safari-driver-3.141.59.jar;F:\Java\apache-maven-3.6.1\repo\net\bytebuddy\byte-buddy\1.8.15\byte-buddy-1.8.15.jar;F:\Java\apache-maven-3.6.1\repo\org\apache\commons\commons-exec\1.3\commons-exec-1.3.jar;F:\Java\apache-maven-3.6.1\repo\com\google\guava\guava\25.0-jre\guava-25.0-jre.jar;F:\Java\apache-maven-3.6.1\repo\com\google\code\findbugs\jsr305\1.3.9\jsr305-1.3.9.jar;F:\Java\apache-maven-3.6.1\repo\org\checkerframework\checker-compat-qual\2.0.0\checker-compat-qual-2.0.0.jar;F:\Java\apache-maven-3.6.1\repo\com\google\errorprone\error_prone_annotations\2.1.3\error_prone_annotations-2.1.3.jar;F:\Java\apache-maven-3.6.1\repo\com\google\j2objc\j2objc-annotations\1.1\j2objc-annotations-1.1.jar;F:\Java\apache-maven-3.6.1\repo\org\codehaus\mojo\animal-sniffer-annotations\1.14\animal-sniffer-annotations-1.14.jar;F:\Java\apache-maven-3.6.1\repo\com\squareup\okhttp3\okhttp\3.11.0\okhttp-3.11.0.jar;F:\Java\apache-maven-3.6.1\repo\com\squareup\okio\okio\1.14.0\okio-1.14.0.jar;F:\Java\apache-maven-3.6.1\repo\org\seleniumhq\selenium\selenium-support\3.141.59\selenium-support-3.141.59.jar;F:\Java\apache-maven-3.6.1\repo\org\seleniumhq\selenium\selenium-api\3.141.59\selenium-api-3.141.59.jar;F:\Java\apache-maven-3.6.1\repo\com\google\code\gson\gson\2.8.5\gson-2.8.5.jar;F:\Java\apache-maven-3.6.1\repo\org\apache\httpcomponents\httpclient\4.5.6\httpclient-4.5.6.jar;F:\Java\apache-maven-3.6.1\repo\org\apache\httpcomponents\httpcore\4.4.10\httpcore-4.4.10.jar;F:\Java\apache-maven-3.6.1\repo\commons-logging\commons-logging\1.2\commons-logging-1.2.jar;F:\Java\apache-maven-3.6.1\repo\commons-codec\commons-codec\1.10\commons-codec-1.10.jar;F:\Java\apache-maven-3.6.1\repo\cglib\cglib\3.2.8\cglib-3.2.8.jar;F:\Java\apache-maven-3.6.1\repo\org\ow2\asm\asm\6.2.1\asm-6.2.1.jar;F:\Java\apache-maven-3.6.1\repo\org\apache\ant\ant\1.10.3\ant-1.10.3.jar;F:\Java\apache-maven-3.6.1\repo\org\apache\ant\ant-launcher\1.10.3\ant-launcher-1.10.3.jar;F:\Java\apache-maven-3.6.1\repo\commons-validator\commons-validator\1.6\commons-validator-1.6.jar;F:\Java\apache-maven-3.6.1\repo\commons-beanutils\commons-beanutils\1.9.2\commons-beanutils-1.9.2.jar;F:\Java\apache-maven-3.6.1\repo\commons-digester\commons-digester\1.8.1\commons-digester-1.8.1.jar;F:\Java\apache-maven-3.6.1\repo\commons-collections\commons-collections\3.2.2\commons-collections-3.2.2.jar;F:\Java\apache-maven-3.6.1\repo\org\apache\commons\commons-lang3\3.8\commons-lang3-3.8.jar;F:\Java\apache-maven-3.6.1\repo\commons-io\commons-io\2.6\commons-io-2.6.jar;F:\Java\apache-maven-3.6.1\repo\org\springframework\spring-context\5.1.0.RELEASE\spring-context-5.1.0.RELEASE.jar;F:\Java\apache-maven-3.6.1\repo\org\springframework\spring-aop\5.1.0.RELEASE\spring-aop-5.1.0.RELEASE.jar;F:\Java\apache-maven-3.6.1\repo\org\springframework\spring-beans\5.1.0.RELEASE\spring-beans-5.1.0.RELEASE.jar;F:\Java\apache-maven-3.6.1\repo\org\springframework\spring-core\5.1.0.RELEASE\spring-core-5.1.0.RELEASE.jar;F:\Java\apache-maven-3.6.1\repo\org\springframework\spring-jcl\5.1.0.RELEASE\spring-jcl-5.1.0.RELEASE.jar;F:\Java\apache-maven-3.6.1\repo\org\springframework\spring-expression\5.1.0.RELEASE\spring-expression-5.1.0.RELEASE.jar;F:\Java\apache-maven-3.6.1\repo\org\aspectj\aspectjweaver\1.9.1\aspectjweaver-1.9.1.jar;F:\Java\apache-maven-3.6.1\repo\org\slf4j\slf4j-api\1.7.25\slf4j-api-1.7.25.jar;F:\Java\apache-maven-3.6.1\repo\org\testng\testng\7.0.0\testng-7.0.0.jar;F:\Java\apache-maven-3.6.1\repo\com\beust\jcommander\1.72\jcommander-1.72.jar;F:\Java\apache-maven-3.6.1\repo\log4j\log4j\1.2.17\log4j-1.2.17.jar;F:\Java\apache-maven-3.6.1\repo\io\qameta\allure\allure-testng\2.12.1\allure-testng-2.12.1.jar;F:\Java\apache-maven-3.6.1\repo\io\qameta\allure\allure-java-commons\2.12.1\allure-java-commons-2.12.1.jar;F:\Java\apache-maven-3.6.1\repo\io\qameta\allure\allure-model\2.12.1\allure-model-2.12.1.jar;F:\Java\apache-maven-3.6.1\repo\com\fasterxml\jackson\core\jackson-databind\2.9.8\jackson-databind-2.9.8.jar;F:\Java\apache-maven-3.6.1\repo\com\fasterxml\jackson\core\jackson-annotations\2.9.0\jackson-annotations-2.9.0.jar;F:\Java\apache-maven-3.6.1\repo\com\fasterxml\jackson\core\jackson-core\2.9.8\jackson-core-2.9.8.jar;F:\Java\apache-maven-3.6.1\repo\org\apache\tika\tika-core\1.20\tika-core-1.20.jar;F:\Java\apache-maven-3.6.1\repo\org\jooq\joor-java-8\0.9.10\joor-java-8-0.9.10.jar;"/>
    <property name="sun.cpu.endian" value="little"/>
    <property name="allure.results.directory" value="F:\code\auto_test_framework\target/allure-results"/>
    <property name="user.home" value="C:\Users\LEKE"/>
    <property name="user.language" value="zh"/>
    <property name="java.specification.vendor" value="Oracle Corporation"/>
    <property name="java.home" value="F:\Java\jdk1.8.0_231\jre"/>
    <property name="basedir" value="F:\code\auto_test_framework"/>
    <property name="file.separator" value="\"/>
    <property name="line.separator" value="&#10;"/>
    <property name="java.vm.specification.vendor" value="Oracle Corporation"/>
    <property name="java.specification.name" value="Java Platform API Specification"/>
    <property name="java.awt.graphicsenv" value="sun.awt.Win32GraphicsEnvironment"/>
    <property name="surefire.real.class.path" value="C:\Users\LEKE\AppData\Local\Temp\surefire1658561112433223141\surefirebooter2366000125477682041.jar;F:\Java\apache-maven-3.6.1\repo/org/aspectj/aspectjweaver/1.9.1/aspectjweaver-1.9.1.jar"/>
    <property name="sun.boot.class.path" value="F:\Java\jdk1.8.0_231\jre\lib\resources.jar;F:\Java\jdk1.8.0_231\jre\lib\rt.jar;F:\Java\jdk1.8.0_231\jre\lib\sunrsasign.jar;F:\Java\jdk1.8.0_231\jre\lib\jsse.jar;F:\Java\jdk1.8.0_231\jre\lib\jce.jar;F:\Java\jdk1.8.0_231\jre\lib\charsets.jar;F:\Java\jdk1.8.0_231\jre\lib\jfr.jar;F:\Java\jdk1.8.0_231\jre\classes"/>
    <property name="user.script" value=""/>
    <property name="sun.management.compiler" value="HotSpot 64-Bit Tiered Compilers"/>
    <property name="java.runtime.version" value="1.8.0_231-b11"/>
    <property name="user.name" value="LEKE"/>
    <property name="path.separator" value=";"/>
    <property name="os.version" value="10.0"/>
    <property name="java.endorsed.dirs" value="F:\Java\jdk1.8.0_231\jre\lib\endorsed"/>
    <property name="java.runtime.name" value="Java(TM) SE Runtime Environment"/>
    <property name="file.encoding" value="UTF-8"/>
    <property name="java.vm.name" value="Java HotSpot(TM) 64-Bit Server VM"/>
    <property name="localRepository" value="F:\Java\apache-maven-3.6.1\repo"/>
    <property name="java.vendor.url.bug" value="http://bugreport.sun.com/bugreport/"/>
    <property name="java.io.tmpdir" value="C:\Users\LEKE\AppData\Local\Temp\"/>
    <property name="java.version" value="1.8.0_231"/>
    <property name="user.dir" value="F:\code\auto_test_framework"/>
    <property name="os.arch" value="amd64"/>
    <property name="java.vm.specification.name" value="Java Virtual Machine Specification"/>
    <property name="java.awt.printerjob" value="sun.awt.windows.WPrinterJob"/>
    <property name="sun.os.patch.level" value=""/>
    <property name="java.library.path" value="F:\Java\jdk1.8.0_231\jre\bin;C:\WINDOWS\Sun\Java\bin;C:\WINDOWS\system32;C:\WINDOWS;C:\Program Files (x86)\Common Files\NetSarang;F:\Java\jdk1.8.0_231\bin;C:\WINDOWS\system32;C:\WINDOWS;C:\WINDOWS\System32\Wbem;C:\WINDOWS\System32\WindowsPowerShell\v1.0\;C:\WINDOWS\System32\OpenSSH\;F:\Java\android-sdk-windows-appium\platform-tools;F:\Java\android-sdk-windows-appium\tools;F:\Java\android-sdk-windows-appium\build-tools\28.0.3;F:\Java\apache-maven-3.6.1\bin;F:\sofe\Git\cmd;C:\Users\LEKE\AppData\Local\Microsoft\WindowsApps;;."/>
    <property name="java.vm.info" value="mixed mode"/>
    <property name="java.vendor" value="Oracle Corporation"/>
    <property name="java.vm.version" value="25.231-b11"/>
    <property name="java.ext.dirs" value="F:\Java\jdk1.8.0_231\jre\lib\ext;C:\WINDOWS\Sun\Java\lib\ext"/>
    <property name="sun.io.unicode.encoding" value="UnicodeLittle"/>
    <property name="java.class.version" value="52.0"/>
  </properties>
  <testcase name="loginTestSuccess" classname="com.lemon.testcases.LoginTest" time="3.106"/>
  <testcase name="loginTestFailure1" classname="com.lemon.testcases.LoginTest" time="1.292"/>
  <testcase name="loginTestFailure2" classname="com.lemon.testcases.LoginTest" time="0.375"/>
  <testcase name="loginTestFailure2" classname="com.lemon.testcases.LoginTest" time="0.432"/>
</testsuite>