<?xml version="1.0" encoding="UTF-8"?>
<!-- Generated by org.testng.reporters.JUnitReportReporter -->
<testsuite skipped="0" hostname="LAPTOP-6UFG7E0G" name="com.lemon.testcases.LoginTest" tests="4" failures="0" timestamp="2021-06-20T00:57:42 CST" time="28.430" errors="0">
  <testcase name="loginTestSuccess" time="8.290" classname="com.lemon.testcases.LoginTest"/>
  <testcase name="loginTestFailure1" time="6.710" classname="com.lemon.testcases.LoginTest"/>
  <testcase name="loginTestFailure2" time="7.531" classname="com.lemon.testcases.LoginTest"/>
  <testcase name="loginTestFailure2" time="5.899" classname="com.lemon.testcases.LoginTest"/>
</testsuite> <!-- com.lemon.testcases.LoginTest -->
