<?xml version="1.0" encoding="UTF-8"?>
<!-- Generated by org.testng.reporters.JUnitReportReporter -->
<testsuite skipped="0" hostname="LAPTOP-6UFG7E0G" name="com.lemon.testcases.InvestTest" tests="1" failures="0" timestamp="2021-05-30T12:22:11 CST" time="37.915" errors="0">
  <testcase name="investTestSuccess" time="37.915" classname="com.lemon.testcases.InvestTest"/>
</testsuite> <!-- com.lemon.testcases.InvestTest -->
